<?xml version="1.0" encoding="UTF-8"?>
<!-- Generated by org.testng.reporters.JUnitXMLReporter -->
<testsuite hostname="hp-PC" name="Default test" tests="2" failures="0" timestamp="14 Dec 2019 02:10:42 GMT" time="36.113" errors="0">
  <testcase name="createAccount" time="8.087" classname="org.functionalTests.module1.FunctionalTestsFromModule1"/>
  <testcase name="updateAccount" time="5.202" classname="org.functionalTests.module1.FunctionalTestsFromModule1"/>
</testsuite> <!-- Default test -->
