<?xml version="1.0" encoding="UTF-8"?>
<!-- Generated by org.testng.reporters.JUnitXMLReporter -->
<testsuite hostname="hp-PC" name="Test" tests="3" failures="0" timestamp="15 Dec 2019 02:57:20 GMT" time="75.789" errors="0">
  <testcase name="createAccount" time="11.703" classname="org.functionalTests.module1.FunctionalTestsFromModule1"/>
  <testcase name="deleteAccount" time="6.687" classname="org.functionalTests.module1.FunctionalTestsFromModule1"/>
  <testcase name="updateAccount" time="8.732" classname="org.functionalTests.module1.FunctionalTestsFromModule1"/>
</testsuite> <!-- Test -->
