<?xml version="1.0" encoding="UTF-8"?>
<testng-results skipped="0" failed="0" total="2" passed="2">
  <reporter-output>
  </reporter-output>
  <suite name="Default suite" duration-ms="36113" started-at="2019-12-14T02:10:06Z" finished-at="2019-12-14T02:10:42Z">
    <groups>
    </groups>
    <test name="Default test" duration-ms="36113" started-at="2019-12-14T02:10:06Z" finished-at="2019-12-14T02:10:42Z">
      <class name="org.functionalTests.module1.FunctionalTestsFromModule1">
        <test-method status="PASS" signature="setup()[pri:0, instance:org.functionalTests.module1.FunctionalTestsFromModule1@60f82f98]" name="setup" is-config="true" duration-ms="14390" started-at="2019-12-14T07:40:06Z" finished-at="2019-12-14T07:40:21Z">
          <reporter-output>
          </reporter-output>
        </test-method> <!-- setup -->
        <test-method status="PASS" signature="createAccount()[pri:0, instance:org.functionalTests.module1.FunctionalTestsFromModule1@60f82f98]" name="createAccount" duration-ms="8087" started-at="2019-12-14T07:40:21Z" finished-at="2019-12-14T07:40:29Z">
          <reporter-output>
          </reporter-output>
        </test-method> <!-- createAccount -->
        <test-method status="PASS" signature="setup()[pri:0, instance:org.functionalTests.module1.FunctionalTestsFromModule1@60f82f98]" name="setup" is-config="true" duration-ms="8340" started-at="2019-12-14T07:40:29Z" finished-at="2019-12-14T07:40:37Z">
          <reporter-output>
          </reporter-output>
        </test-method> <!-- setup -->
        <test-method status="PASS" signature="updateAccount()[pri:1, instance:org.functionalTests.module1.FunctionalTestsFromModule1@60f82f98]" name="updateAccount" duration-ms="5202" started-at="2019-12-14T07:40:37Z" finished-at="2019-12-14T07:40:42Z">
          <reporter-output>
          </reporter-output>
        </test-method> <!-- updateAccount -->
      </class> <!-- org.functionalTests.module1.FunctionalTestsFromModule1 -->
    </test> <!-- Default test -->
  </suite> <!-- Default suite -->
</testng-results>
