<?xml version="1.0" encoding="UTF-8"?>
<testng-results skipped="0" failed="0" total="2" passed="2">
  <reporter-output>
  </reporter-output>
  <suite name="Suite" duration-ms="78507" started-at="2019-12-25T19:49:52Z" finished-at="2019-12-25T19:51:11Z">
    <groups>
    </groups>
    <test name="Test" duration-ms="78507" started-at="2019-12-25T19:49:52Z" finished-at="2019-12-25T19:51:11Z">
      <class name="org.functionalTests.module3.FunctionalTestsFromModule3">
        <test-method status="PASS" signature="setup()[pri:0, instance:org.functionalTests.module3.FunctionalTestsFromModule3@60f82f98]" name="setup" is-config="true" duration-ms="18528" started-at="2019-12-26T01:19:53Z" finished-at="2019-12-26T01:20:11Z">
          <reporter-output>
          </reporter-output>
        </test-method> <!-- setup -->
        <test-method status="PASS" signature="Module1Test1()[pri:0, instance:org.functionalTests.module3.FunctionalTestsFromModule3@60f82f98]" name="Module1Test1" duration-ms="21616" started-at="2019-12-26T01:20:11Z" finished-at="2019-12-26T01:20:33Z">
          <reporter-output>
          </reporter-output>
        </test-method> <!-- Module1Test1 -->
        <test-method status="PASS" signature="setup()[pri:0, instance:org.functionalTests.module3.FunctionalTestsFromModule3@60f82f98]" name="setup" is-config="true" duration-ms="19067" started-at="2019-12-26T01:20:33Z" finished-at="2019-12-26T01:20:52Z">
          <reporter-output>
          </reporter-output>
        </test-method> <!-- setup -->
        <test-method status="PASS" signature="Module1Test2()[pri:2, instance:org.functionalTests.module3.FunctionalTestsFromModule3@60f82f98]" name="Module1Test2" duration-ms="19135" started-at="2019-12-26T01:20:52Z" finished-at="2019-12-26T01:21:11Z">
          <reporter-output>
          </reporter-output>
        </test-method> <!-- Module1Test2 -->
      </class> <!-- org.functionalTests.module3.FunctionalTestsFromModule3 -->
    </test> <!-- Test -->
  </suite> <!-- Suite -->
</testng-results>
